28-05-2021;20:35:53 INFO org.springframework.boot.StartupInfoLogger Starting DanMsMaterialApplication using Java 11.0.10 on LAPTOP-RIQUELME-CIRO with PID 16936 (C:\Users\Ciro Riquelme\eclipse-workspace-DAN\dan-ms-material\target\classes started by CiroRiquelme in C:\Users\Ciro Riquelme\eclipse-workspace-DAN\dan-ms-material)
28-05-2021;20:35:53 INFO org.springframework.boot.SpringApplication No active profile set, falling back to default profiles: default
28-05-2021;20:36:02 WARN org.springframework.boot.autoconfigure.orm.jpa.JpaBaseConfiguration$JpaWebConfiguration spring.jpa.open-in-view is enabled by default. Therefore, database queries may be performed during view rendering. Explicitly configure spring.jpa.open-in-view to disable this warning
28-05-2021;20:36:06 INFO org.springframework.boot.StartupInfoLogger Started DanMsMaterialApplication in 14.371 seconds (JVM running for 17.925)
28-05-2021;20:36:25 INFO utn.isi.dan.material.aspect.LogAspect class utn.isi.dan.material.service.implement.MaterialServiceImpl	<Before> Metodo: consultarMateriales	CantArgs: []
28-05-2021;20:36:26 INFO utn.isi.dan.material.aspect.LogAspect class utn.isi.dan.material.service.implement.MaterialServiceImpl	<After> Metodo: consultarMateriales	CantArgs: []
28-05-2021;20:36:39 INFO utn.isi.dan.material.aspect.LogAspect class utn.isi.dan.material.service.implement.MaterialServiceImpl	<Before> Metodo: consultarMaterial	CantArgs: [4]
28-05-2021;20:36:39 INFO utn.isi.dan.material.aspect.LogAspect class com.sun.proxy.$Proxy119	<Before> Metodo: findById	CantArgs: [4]
28-05-2021;20:36:39 INFO utn.isi.dan.material.aspect.LogAspect class com.sun.proxy.$Proxy119	<After> Metodo: findById	CantArgs: [4]
28-05-2021;20:36:39 INFO utn.isi.dan.material.aspect.LogAspect class utn.isi.dan.material.service.implement.MaterialServiceImpl	<After> Metodo: consultarMaterial	CantArgs: [4]
28-05-2021;20:39:12 INFO utn.isi.dan.material.aspect.LogAspect class utn.isi.dan.material.service.implement.MaterialServiceImpl	<Before> Metodo: crearMaterial	CantArgs: [utn.isi.dan.material.domain.Material@4a579a82]
28-05-2021;20:39:12 INFO utn.isi.dan.material.aspect.LogAspect class com.sun.proxy.$Proxy119	<Before> Metodo: save	CantArgs: [utn.isi.dan.material.domain.Material@4a579a82]
28-05-2021;20:39:13 INFO utn.isi.dan.material.aspect.LogAspect class com.sun.proxy.$Proxy119	<After> Metodo: save	CantArgs: [utn.isi.dan.material.domain.Material@4a579a82]
28-05-2021;20:39:13 INFO utn.isi.dan.material.aspect.LogAspect class utn.isi.dan.material.service.implement.MaterialServiceImpl	<After> Metodo: crearMaterial	CantArgs: [utn.isi.dan.material.domain.Material@4a579a82]
28-05-2021;20:39:21 INFO utn.isi.dan.material.aspect.LogAspect class utn.isi.dan.material.service.implement.MaterialServiceImpl	<Before> Metodo: consultarMateriales	CantArgs: []
28-05-2021;20:39:21 INFO utn.isi.dan.material.aspect.LogAspect class utn.isi.dan.material.service.implement.MaterialServiceImpl	<After> Metodo: consultarMateriales	CantArgs: []
28-05-2021;20:55:46 INFO org.springframework.boot.StartupInfoLogger Starting DanMsMaterialApplication using Java 11.0.10 on LAPTOP-RIQUELME-CIRO with PID 3872 (C:\Users\Ciro Riquelme\eclipse-workspace-DAN\dan-ms-material\target\classes started by CiroRiquelme in C:\Users\Ciro Riquelme\eclipse-workspace-DAN\dan-ms-material)
28-05-2021;20:55:47 INFO org.springframework.boot.SpringApplication No active profile set, falling back to default profiles: default
28-05-2021;20:55:53 WARN org.springframework.boot.autoconfigure.orm.jpa.JpaBaseConfiguration$JpaWebConfiguration spring.jpa.open-in-view is enabled by default. Therefore, database queries may be performed during view rendering. Explicitly configure spring.jpa.open-in-view to disable this warning
28-05-2021;20:55:56 INFO org.springframework.boot.StartupInfoLogger Started DanMsMaterialApplication in 10.126 seconds (JVM running for 12.534)
28-05-2021;20:56:21 WARN org.springframework.web.servlet.handler.AbstractHandlerExceptionResolver Resolved [utn.isi.dan.material.exception.BadRequestException: Bad Request Exception (400). Nombre del material Requerido]
28-05-2021;20:56:25 WARN org.springframework.web.servlet.mvc.method.annotation.ResponseEntityExceptionHandler Request method 'PATCH' not supported
28-05-2021;20:56:25 WARN org.springframework.web.servlet.handler.AbstractHandlerExceptionResolver Resolved [org.springframework.web.HttpRequestMethodNotSupportedException: Request method 'PATCH' not supported]
28-05-2021;20:56:28 WARN org.springframework.web.servlet.handler.AbstractHandlerExceptionResolver Resolved [utn.isi.dan.material.exception.BadRequestException: Bad Request Exception (400). Nombre del material Requerido]
28-05-2021;20:56:43 WARN org.springframework.web.servlet.mvc.method.annotation.ResponseEntityExceptionHandler Request method 'PUT' not supported
28-05-2021;20:56:43 WARN org.springframework.web.servlet.handler.AbstractHandlerExceptionResolver Resolved [org.springframework.web.HttpRequestMethodNotSupportedException: Request method 'PUT' not supported]
28-05-2021;20:57:00 INFO utn.isi.dan.material.aspect.LogAspect class utn.isi.dan.material.service.implement.MaterialServiceImpl	<Before> Metodo: consultarMaterial	CantArgs: [9]
28-05-2021;20:57:00 INFO utn.isi.dan.material.aspect.LogAspect class com.sun.proxy.$Proxy120	<Before> Metodo: findById	CantArgs: [9]
28-05-2021;20:57:00 INFO utn.isi.dan.material.aspect.LogAspect class com.sun.proxy.$Proxy120	<After> Metodo: findById	CantArgs: [9]
28-05-2021;20:57:00 INFO utn.isi.dan.material.aspect.LogAspect class utn.isi.dan.material.service.implement.MaterialServiceImpl	<After> Metodo: consultarMaterial	CantArgs: [9]
28-05-2021;20:57:05 INFO utn.isi.dan.material.aspect.LogAspect class utn.isi.dan.material.service.implement.MaterialServiceImpl	<Before> Metodo: actualizarMaterial	CantArgs: [9, utn.isi.dan.material.domain.Material@2c9699b4]
28-05-2021;20:57:05 INFO utn.isi.dan.material.aspect.LogAspect class com.sun.proxy.$Proxy120	<Before> Metodo: existsById	CantArgs: [9]
28-05-2021;20:57:05 INFO utn.isi.dan.material.aspect.LogAspect class com.sun.proxy.$Proxy120	<After> Metodo: existsById	CantArgs: [9]
28-05-2021;20:57:05 INFO utn.isi.dan.material.aspect.LogAspect class com.sun.proxy.$Proxy120	<Before> Metodo: save	CantArgs: [utn.isi.dan.material.domain.Material@2c9699b4]
28-05-2021;20:57:06 INFO utn.isi.dan.material.aspect.LogAspect class com.sun.proxy.$Proxy120	<After> Metodo: save	CantArgs: [utn.isi.dan.material.domain.Material@2c9699b4]
28-05-2021;20:57:06 INFO utn.isi.dan.material.aspect.LogAspect class utn.isi.dan.material.service.implement.MaterialServiceImpl	<After> Metodo: actualizarMaterial	CantArgs: [9, utn.isi.dan.material.domain.Material@2c9699b4]
28-05-2021;20:57:11 INFO utn.isi.dan.material.aspect.LogAspect class utn.isi.dan.material.service.implement.MaterialServiceImpl	<Before> Metodo: consultarMaterial	CantArgs: [9]
28-05-2021;20:57:11 INFO utn.isi.dan.material.aspect.LogAspect class com.sun.proxy.$Proxy120	<Before> Metodo: findById	CantArgs: [9]
28-05-2021;20:57:11 INFO utn.isi.dan.material.aspect.LogAspect class com.sun.proxy.$Proxy120	<After> Metodo: findById	CantArgs: [9]
28-05-2021;20:57:11 INFO utn.isi.dan.material.aspect.LogAspect class utn.isi.dan.material.service.implement.MaterialServiceImpl	<After> Metodo: consultarMaterial	CantArgs: [9]
28-05-2021;20:57:12 INFO utn.isi.dan.material.aspect.LogAspect class utn.isi.dan.material.service.implement.MaterialServiceImpl	<Before> Metodo: consultarMaterial	CantArgs: [9]
28-05-2021;20:57:12 INFO utn.isi.dan.material.aspect.LogAspect class com.sun.proxy.$Proxy120	<Before> Metodo: findById	CantArgs: [9]
28-05-2021;20:57:12 INFO utn.isi.dan.material.aspect.LogAspect class com.sun.proxy.$Proxy120	<After> Metodo: findById	CantArgs: [9]
28-05-2021;20:57:12 INFO utn.isi.dan.material.aspect.LogAspect class utn.isi.dan.material.service.implement.MaterialServiceImpl	<After> Metodo: consultarMaterial	CantArgs: [9]
28-05-2021;20:57:19 INFO utn.isi.dan.material.aspect.LogAspect class utn.isi.dan.material.service.implement.MaterialServiceImpl	<Before> Metodo: actualizarMaterial	CantArgs: [9, utn.isi.dan.material.domain.Material@65c91a28]
28-05-2021;20:57:19 INFO utn.isi.dan.material.aspect.LogAspect class com.sun.proxy.$Proxy120	<Before> Metodo: existsById	CantArgs: [9]
28-05-2021;20:57:19 INFO utn.isi.dan.material.aspect.LogAspect class com.sun.proxy.$Proxy120	<After> Metodo: existsById	CantArgs: [9]
28-05-2021;20:57:19 INFO utn.isi.dan.material.aspect.LogAspect class com.sun.proxy.$Proxy120	<Before> Metodo: save	CantArgs: [utn.isi.dan.material.domain.Material@65c91a28]
28-05-2021;20:57:19 INFO utn.isi.dan.material.aspect.LogAspect class com.sun.proxy.$Proxy120	<After> Metodo: save	CantArgs: [utn.isi.dan.material.domain.Material@65c91a28]
28-05-2021;20:57:19 INFO utn.isi.dan.material.aspect.LogAspect class utn.isi.dan.material.service.implement.MaterialServiceImpl	<After> Metodo: actualizarMaterial	CantArgs: [9, utn.isi.dan.material.domain.Material@65c91a28]
28-05-2021;20:57:25 INFO utn.isi.dan.material.aspect.LogAspect class utn.isi.dan.material.service.implement.MaterialServiceImpl	<Before> Metodo: consultarMaterial	CantArgs: [9]
28-05-2021;20:57:25 INFO utn.isi.dan.material.aspect.LogAspect class com.sun.proxy.$Proxy120	<Before> Metodo: findById	CantArgs: [9]
28-05-2021;20:57:25 INFO utn.isi.dan.material.aspect.LogAspect class com.sun.proxy.$Proxy120	<After> Metodo: findById	CantArgs: [9]
28-05-2021;20:57:25 INFO utn.isi.dan.material.aspect.LogAspect class utn.isi.dan.material.service.implement.MaterialServiceImpl	<After> Metodo: consultarMaterial	CantArgs: [9]
28-05-2021;20:57:45 INFO utn.isi.dan.material.aspect.LogAspect class utn.isi.dan.material.service.implement.MaterialServiceImpl	<Before> Metodo: actualizarMaterial	CantArgs: [9, utn.isi.dan.material.domain.Material@2a42fb72]
28-05-2021;20:57:45 INFO utn.isi.dan.material.aspect.LogAspect class com.sun.proxy.$Proxy120	<Before> Metodo: existsById	CantArgs: [9]
28-05-2021;20:57:45 INFO utn.isi.dan.material.aspect.LogAspect class com.sun.proxy.$Proxy120	<After> Metodo: existsById	CantArgs: [9]
28-05-2021;20:57:45 INFO utn.isi.dan.material.aspect.LogAspect class com.sun.proxy.$Proxy120	<Before> Metodo: save	CantArgs: [utn.isi.dan.material.domain.Material@2a42fb72]
28-05-2021;20:57:46 INFO utn.isi.dan.material.aspect.LogAspect class com.sun.proxy.$Proxy120	<After> Metodo: save	CantArgs: [utn.isi.dan.material.domain.Material@2a42fb72]
28-05-2021;20:57:46 INFO utn.isi.dan.material.aspect.LogAspect class utn.isi.dan.material.service.implement.MaterialServiceImpl	<After> Metodo: actualizarMaterial	CantArgs: [9, utn.isi.dan.material.domain.Material@2a42fb72]
28-05-2021;21:00:20 INFO org.springframework.boot.StartupInfoLogger Starting DanMsMaterialApplication using Java 11.0.10 on LAPTOP-RIQUELME-CIRO with PID 3872 (C:\Users\Ciro Riquelme\eclipse-workspace-DAN\dan-ms-material\target\classes started by CiroRiquelme in C:\Users\Ciro Riquelme\eclipse-workspace-DAN\dan-ms-material)
28-05-2021;21:00:20 INFO org.springframework.boot.SpringApplication No active profile set, falling back to default profiles: default
28-05-2021;21:00:21 WARN org.springframework.boot.autoconfigure.orm.jpa.JpaBaseConfiguration$JpaWebConfiguration spring.jpa.open-in-view is enabled by default. Therefore, database queries may be performed during view rendering. Explicitly configure spring.jpa.open-in-view to disable this warning
28-05-2021;21:00:22 INFO org.springframework.boot.StartupInfoLogger Started DanMsMaterialApplication in 2.235 seconds (JVM running for 278.442)
28-05-2021;21:00:48 INFO utn.isi.dan.material.aspect.LogAspect class utn.isi.dan.material.service.implement.MaterialServiceImpl	<Before> Metodo: consultarMaterial	CantArgs: [9]
28-05-2021;21:00:48 INFO utn.isi.dan.material.aspect.LogAspect class com.sun.proxy.$Proxy150	<Before> Metodo: findById	CantArgs: [9]
28-05-2021;21:00:48 INFO utn.isi.dan.material.aspect.LogAspect class com.sun.proxy.$Proxy150	<After> Metodo: findById	CantArgs: [9]
28-05-2021;21:00:48 INFO utn.isi.dan.material.aspect.LogAspect class utn.isi.dan.material.service.implement.MaterialServiceImpl	<After> Metodo: consultarMaterial	CantArgs: [9]
28-05-2021;21:00:51 ERROR org.apache.juli.logging.DirectJDKLog Servlet.service() for servlet [dispatcherServlet] in context with path [] threw exception [Handler dispatch failed; nested exception is java.lang.Error: Unresolved compilation problem: 
	Syntax error on token ")", delete this token
] with root cause
java.lang.Error: Unresolved compilation problem: 
	Syntax error on token ")", delete this token

	at utn.isi.dan.material.rest.MaterialRest.actualizarMaterial(MaterialRest.java:62)
	at java.base/jdk.internal.reflect.NativeMethodAccessorImpl.invoke0(Native Method)
	at java.base/jdk.internal.reflect.NativeMethodAccessorImpl.invoke(NativeMethodAccessorImpl.java:62)
	at java.base/jdk.internal.reflect.DelegatingMethodAccessorImpl.invoke(DelegatingMethodAccessorImpl.java:43)
	at java.base/java.lang.reflect.Method.invoke(Method.java:566)
	at org.springframework.web.method.support.InvocableHandlerMethod.doInvoke(InvocableHandlerMethod.java:197)
	at org.springframework.web.method.support.InvocableHandlerMethod.invokeForRequest(InvocableHandlerMethod.java:141)
	at org.springframework.web.servlet.mvc.method.annotation.ServletInvocableHandlerMethod.invokeAndHandle(ServletInvocableHandlerMethod.java:106)
	at org.springframework.web.servlet.mvc.method.annotation.RequestMappingHandlerAdapter.invokeHandlerMethod(RequestMappingHandlerAdapter.java:894)
	at org.springframework.web.servlet.mvc.method.annotation.RequestMappingHandlerAdapter.handleInternal(RequestMappingHandlerAdapter.java:808)
	at org.springframework.web.servlet.mvc.method.AbstractHandlerMethodAdapter.handle(AbstractHandlerMethodAdapter.java:87)
	at org.springframework.web.servlet.DispatcherServlet.doDispatch(DispatcherServlet.java:1060)
	at org.springframework.web.servlet.DispatcherServlet.doService(DispatcherServlet.java:962)
	at org.springframework.web.servlet.FrameworkServlet.processRequest(FrameworkServlet.java:1006)
	at org.springframework.web.servlet.FrameworkServlet.doPut(FrameworkServlet.java:920)
	at javax.servlet.http.HttpServlet.service(HttpServlet.java:655)
	at org.springframework.web.servlet.FrameworkServlet.service(FrameworkServlet.java:883)
	at javax.servlet.http.HttpServlet.service(HttpServlet.java:733)
	at org.apache.catalina.core.ApplicationFilterChain.internalDoFilter(ApplicationFilterChain.java:227)
	at org.apache.catalina.core.ApplicationFilterChain.doFilter(ApplicationFilterChain.java:162)
	at org.apache.tomcat.websocket.server.WsFilter.doFilter(WsFilter.java:53)
	at org.apache.catalina.core.ApplicationFilterChain.internalDoFilter(ApplicationFilterChain.java:189)
	at org.apache.catalina.core.ApplicationFilterChain.doFilter(ApplicationFilterChain.java:162)
	at org.springframework.web.filter.RequestContextFilter.doFilterInternal(RequestContextFilter.java:100)
	at org.springframework.web.filter.OncePerRequestFilter.doFilter(OncePerRequestFilter.java:119)
	at org.apache.catalina.core.ApplicationFilterChain.internalDoFilter(ApplicationFilterChain.java:189)
	at org.apache.catalina.core.ApplicationFilterChain.doFilter(ApplicationFilterChain.java:162)
	at org.springframework.web.filter.FormContentFilter.doFilterInternal(FormContentFilter.java:93)
	at org.springframework.web.filter.OncePerRequestFilter.doFilter(OncePerRequestFilter.java:119)
	at org.apache.catalina.core.ApplicationFilterChain.internalDoFilter(ApplicationFilterChain.java:189)
	at org.apache.catalina.core.ApplicationFilterChain.doFilter(ApplicationFilterChain.java:162)
	at org.springframework.web.filter.CharacterEncodingFilter.doFilterInternal(CharacterEncodingFilter.java:201)
	at org.springframework.web.filter.OncePerRequestFilter.doFilter(OncePerRequestFilter.java:119)
	at org.apache.catalina.core.ApplicationFilterChain.internalDoFilter(ApplicationFilterChain.java:189)
	at org.apache.catalina.core.ApplicationFilterChain.doFilter(ApplicationFilterChain.java:162)
	at org.apache.catalina.core.StandardWrapperValve.invoke(StandardWrapperValve.java:202)
	at org.apache.catalina.core.StandardContextValve.invoke(StandardContextValve.java:97)
	at org.apache.catalina.authenticator.AuthenticatorBase.invoke(AuthenticatorBase.java:542)
	at org.apache.catalina.core.StandardHostValve.invoke(StandardHostValve.java:143)
	at org.apache.catalina.valves.ErrorReportValve.invoke(ErrorReportValve.java:92)
	at org.apache.catalina.core.StandardEngineValve.invoke(StandardEngineValve.java:78)
	at org.apache.catalina.connector.CoyoteAdapter.service(CoyoteAdapter.java:357)
	at org.apache.coyote.http11.Http11Processor.service(Http11Processor.java:374)
	at org.apache.coyote.AbstractProcessorLight.process(AbstractProcessorLight.java:65)
	at org.apache.coyote.AbstractProtocol$ConnectionHandler.process(AbstractProtocol.java:893)
	at org.apache.tomcat.util.net.NioEndpoint$SocketProcessor.doRun(NioEndpoint.java:1707)
	at org.apache.tomcat.util.net.SocketProcessorBase.run(SocketProcessorBase.java:49)
	at java.base/java.util.concurrent.ThreadPoolExecutor.runWorker(ThreadPoolExecutor.java:1128)
	at java.base/java.util.concurrent.ThreadPoolExecutor$Worker.run(ThreadPoolExecutor.java:628)
	at org.apache.tomcat.util.threads.TaskThread$WrappingRunnable.run(TaskThread.java:61)
	at java.base/java.lang.Thread.run(Thread.java:834)
28-05-2021;21:00:53 INFO utn.isi.dan.material.aspect.LogAspect class utn.isi.dan.material.service.implement.MaterialServiceImpl	<Before> Metodo: consultarMaterial	CantArgs: [9]
28-05-2021;21:00:53 INFO utn.isi.dan.material.aspect.LogAspect class com.sun.proxy.$Proxy150	<Before> Metodo: findById	CantArgs: [9]
28-05-2021;21:00:53 INFO utn.isi.dan.material.aspect.LogAspect class com.sun.proxy.$Proxy150	<After> Metodo: findById	CantArgs: [9]
28-05-2021;21:00:53 INFO utn.isi.dan.material.aspect.LogAspect class utn.isi.dan.material.service.implement.MaterialServiceImpl	<After> Metodo: consultarMaterial	CantArgs: [9]
28-05-2021;21:01:16 INFO org.springframework.boot.StartupInfoLogger Starting DanMsMaterialApplication using Java 11.0.10 on LAPTOP-RIQUELME-CIRO with PID 3872 (C:\Users\Ciro Riquelme\eclipse-workspace-DAN\dan-ms-material\target\classes started by CiroRiquelme in C:\Users\Ciro Riquelme\eclipse-workspace-DAN\dan-ms-material)
28-05-2021;21:01:16 INFO org.springframework.boot.SpringApplication No active profile set, falling back to default profiles: default
28-05-2021;21:01:17 WARN org.springframework.boot.autoconfigure.orm.jpa.JpaBaseConfiguration$JpaWebConfiguration spring.jpa.open-in-view is enabled by default. Therefore, database queries may be performed during view rendering. Explicitly configure spring.jpa.open-in-view to disable this warning
28-05-2021;21:01:18 INFO org.springframework.boot.StartupInfoLogger Started DanMsMaterialApplication in 1.871 seconds (JVM running for 334.282)
28-05-2021;21:01:38 INFO utn.isi.dan.material.aspect.LogAspect class utn.isi.dan.material.service.implement.MaterialServiceImpl	<Before> Metodo: consultarMaterial	CantArgs: [9]
28-05-2021;21:01:38 INFO utn.isi.dan.material.aspect.LogAspect class com.sun.proxy.$Proxy156	<Before> Metodo: findById	CantArgs: [9]
28-05-2021;21:01:38 INFO utn.isi.dan.material.aspect.LogAspect class com.sun.proxy.$Proxy156	<After> Metodo: findById	CantArgs: [9]
28-05-2021;21:01:38 INFO utn.isi.dan.material.aspect.LogAspect class utn.isi.dan.material.service.implement.MaterialServiceImpl	<After> Metodo: consultarMaterial	CantArgs: [9]
28-05-2021;21:01:40 INFO utn.isi.dan.material.aspect.LogAspect class utn.isi.dan.material.service.implement.MaterialServiceImpl	<Before> Metodo: actualizarMaterial	CantArgs: [9, utn.isi.dan.material.domain.Material@78f95e1d]
28-05-2021;21:01:40 INFO utn.isi.dan.material.aspect.LogAspect class com.sun.proxy.$Proxy156	<Before> Metodo: existsById	CantArgs: [9]
28-05-2021;21:01:40 INFO utn.isi.dan.material.aspect.LogAspect class com.sun.proxy.$Proxy156	<After> Metodo: existsById	CantArgs: [9]
28-05-2021;21:01:40 INFO utn.isi.dan.material.aspect.LogAspect class com.sun.proxy.$Proxy156	<Before> Metodo: save	CantArgs: [utn.isi.dan.material.domain.Material@78f95e1d]
28-05-2021;21:01:40 INFO utn.isi.dan.material.aspect.LogAspect class com.sun.proxy.$Proxy156	<After> Metodo: save	CantArgs: [utn.isi.dan.material.domain.Material@78f95e1d]
28-05-2021;21:01:40 INFO utn.isi.dan.material.aspect.LogAspect class utn.isi.dan.material.service.implement.MaterialServiceImpl	<After> Metodo: actualizarMaterial	CantArgs: [9, utn.isi.dan.material.domain.Material@78f95e1d]
28-05-2021;21:01:43 INFO utn.isi.dan.material.aspect.LogAspect class utn.isi.dan.material.service.implement.MaterialServiceImpl	<Before> Metodo: consultarMaterial	CantArgs: [9]
28-05-2021;21:01:43 INFO utn.isi.dan.material.aspect.LogAspect class com.sun.proxy.$Proxy156	<Before> Metodo: findById	CantArgs: [9]
28-05-2021;21:01:43 INFO utn.isi.dan.material.aspect.LogAspect class com.sun.proxy.$Proxy156	<After> Metodo: findById	CantArgs: [9]
28-05-2021;21:01:43 INFO utn.isi.dan.material.aspect.LogAspect class utn.isi.dan.material.service.implement.MaterialServiceImpl	<After> Metodo: consultarMaterial	CantArgs: [9]
28-05-2021;21:01:48 INFO org.springframework.boot.StartupInfoLogger Starting DanMsMaterialApplication using Java 11.0.10 on LAPTOP-RIQUELME-CIRO with PID 3872 (C:\Users\Ciro Riquelme\eclipse-workspace-DAN\dan-ms-material\target\classes started by CiroRiquelme in C:\Users\Ciro Riquelme\eclipse-workspace-DAN\dan-ms-material)
28-05-2021;21:01:48 INFO org.springframework.boot.SpringApplication No active profile set, falling back to default profiles: default
28-05-2021;21:01:49 WARN org.springframework.boot.autoconfigure.orm.jpa.JpaBaseConfiguration$JpaWebConfiguration spring.jpa.open-in-view is enabled by default. Therefore, database queries may be performed during view rendering. Explicitly configure spring.jpa.open-in-view to disable this warning
28-05-2021;21:01:49 INFO org.springframework.boot.StartupInfoLogger Started DanMsMaterialApplication in 1.842 seconds (JVM running for 365.941)
28-05-2021;21:02:01 INFO utn.isi.dan.material.aspect.LogAspect class utn.isi.dan.material.service.implement.MaterialServiceImpl	<Before> Metodo: consultarMaterial	CantArgs: [9]
28-05-2021;21:02:01 INFO utn.isi.dan.material.aspect.LogAspect class com.sun.proxy.$Proxy162	<Before> Metodo: findById	CantArgs: [9]
28-05-2021;21:02:01 INFO utn.isi.dan.material.aspect.LogAspect class com.sun.proxy.$Proxy162	<After> Metodo: findById	CantArgs: [9]
28-05-2021;21:02:01 INFO utn.isi.dan.material.aspect.LogAspect class utn.isi.dan.material.service.implement.MaterialServiceImpl	<After> Metodo: consultarMaterial	CantArgs: [9]
28-05-2021;21:02:03 INFO utn.isi.dan.material.aspect.LogAspect class utn.isi.dan.material.service.implement.MaterialServiceImpl	<Before> Metodo: actualizarMaterial	CantArgs: [9, utn.isi.dan.material.domain.Material@8db09c6]
28-05-2021;21:02:03 INFO utn.isi.dan.material.aspect.LogAspect class com.sun.proxy.$Proxy162	<Before> Metodo: existsById	CantArgs: [9]
28-05-2021;21:02:03 INFO utn.isi.dan.material.aspect.LogAspect class com.sun.proxy.$Proxy162	<After> Metodo: existsById	CantArgs: [9]
28-05-2021;21:02:03 INFO utn.isi.dan.material.aspect.LogAspect class com.sun.proxy.$Proxy162	<Before> Metodo: save	CantArgs: [utn.isi.dan.material.domain.Material@8db09c6]
28-05-2021;21:02:03 INFO utn.isi.dan.material.aspect.LogAspect class com.sun.proxy.$Proxy162	<After> Metodo: save	CantArgs: [utn.isi.dan.material.domain.Material@8db09c6]
28-05-2021;21:02:03 INFO utn.isi.dan.material.aspect.LogAspect class utn.isi.dan.material.service.implement.MaterialServiceImpl	<After> Metodo: actualizarMaterial	CantArgs: [9, utn.isi.dan.material.domain.Material@8db09c6]
28-05-2021;21:02:06 INFO utn.isi.dan.material.aspect.LogAspect class utn.isi.dan.material.service.implement.MaterialServiceImpl	<Before> Metodo: consultarMaterial	CantArgs: [9]
28-05-2021;21:02:06 INFO utn.isi.dan.material.aspect.LogAspect class com.sun.proxy.$Proxy162	<Before> Metodo: findById	CantArgs: [9]
28-05-2021;21:02:06 INFO utn.isi.dan.material.aspect.LogAspect class com.sun.proxy.$Proxy162	<After> Metodo: findById	CantArgs: [9]
28-05-2021;21:02:06 INFO utn.isi.dan.material.aspect.LogAspect class utn.isi.dan.material.service.implement.MaterialServiceImpl	<After> Metodo: consultarMaterial	CantArgs: [9]
28-05-2021;21:13:46 INFO org.springframework.boot.StartupInfoLogger Starting DanMsMaterialApplication using Java 11.0.10 on LAPTOP-RIQUELME-CIRO with PID 3180 (C:\Users\Ciro Riquelme\eclipse-workspace-DAN\dan-ms-material\target\classes started by CiroRiquelme in C:\Users\Ciro Riquelme\eclipse-workspace-DAN\dan-ms-material)
28-05-2021;21:13:46 INFO org.springframework.boot.SpringApplication No active profile set, falling back to default profiles: default
28-05-2021;21:13:52 WARN org.springframework.boot.autoconfigure.orm.jpa.JpaBaseConfiguration$JpaWebConfiguration spring.jpa.open-in-view is enabled by default. Therefore, database queries may be performed during view rendering. Explicitly configure spring.jpa.open-in-view to disable this warning
28-05-2021;21:13:55 INFO org.springframework.boot.StartupInfoLogger Started DanMsMaterialApplication in 9.242 seconds (JVM running for 11.498)
28-05-2021;21:14:49 INFO utn.isi.dan.material.aspect.LogAspect class utn.isi.dan.material.service.implement.MaterialServiceImpl	<Before> Metodo: consultarMateriales	CantArgs: []
28-05-2021;21:14:49 INFO utn.isi.dan.material.aspect.LogAspect class utn.isi.dan.material.service.implement.MaterialServiceImpl	<After> Metodo: consultarMateriales	CantArgs: []
28-05-2021;21:15:58 WARN org.springframework.web.servlet.handler.AbstractHandlerExceptionResolver Resolved [org.springframework.web.method.annotation.MethodArgumentTypeMismatchException: Failed to convert value of type 'java.lang.String' to required type 'java.lang.Integer'; nested exception is java.lang.NumberFormatException: For input string: "ladrillo"]
28-05-2021;21:16:05 WARN org.springframework.web.servlet.handler.AbstractHandlerExceptionResolver Resolved [org.springframework.web.method.annotation.MethodArgumentTypeMismatchException: Failed to convert value of type 'java.lang.String' to required type 'java.lang.Integer'; nested exception is java.lang.NumberFormatException: For input string: "ladrillos"]
28-05-2021;21:18:23 INFO utn.isi.dan.material.aspect.LogAspect class utn.isi.dan.material.service.implement.MaterialServiceImpl	<Before> Metodo: buscarMaterialPorNombre	CantArgs: [ladrillos]
28-05-2021;21:18:23 INFO utn.isi.dan.material.aspect.LogAspect class com.sun.proxy.$Proxy122	<Before> Metodo: findByNombre	CantArgs: [ladrillos]
28-05-2021;21:18:23 INFO utn.isi.dan.material.aspect.LogAspect class com.sun.proxy.$Proxy122	<After> Metodo: findByNombre	CantArgs: [ladrillos]
28-05-2021;21:18:23 INFO utn.isi.dan.material.aspect.LogAspect class utn.isi.dan.material.service.implement.MaterialServiceImpl	<After> Metodo: buscarMaterialPorNombre	CantArgs: [ladrillos]
28-05-2021;21:18:23 WARN org.springframework.web.servlet.handler.AbstractHandlerExceptionResolver Resolved [utn.isi.dan.material.exception.NotFoundException: Not Found Exception. Material no encontrado. Nombre: ladrillos]
28-05-2021;21:18:27 INFO utn.isi.dan.material.aspect.LogAspect class utn.isi.dan.material.service.implement.MaterialServiceImpl	<Before> Metodo: buscarMaterialPorNombre	CantArgs: [ladrillo]
28-05-2021;21:18:27 INFO utn.isi.dan.material.aspect.LogAspect class com.sun.proxy.$Proxy122	<Before> Metodo: findByNombre	CantArgs: [ladrillo]
28-05-2021;21:18:27 INFO utn.isi.dan.material.aspect.LogAspect class com.sun.proxy.$Proxy122	<After> Metodo: findByNombre	CantArgs: [ladrillo]
28-05-2021;21:18:27 INFO utn.isi.dan.material.aspect.LogAspect class utn.isi.dan.material.service.implement.MaterialServiceImpl	<After> Metodo: buscarMaterialPorNombre	CantArgs: [ladrillo]
28-05-2021;21:18:27 ERROR org.apache.juli.logging.DirectJDKLog Servlet.service() for servlet [dispatcherServlet] in context with path [] threw exception [Request processing failed; nested exception is org.springframework.dao.IncorrectResultSizeDataAccessException: query did not return a unique result: 5; nested exception is javax.persistence.NonUniqueResultException: query did not return a unique result: 5] with root cause
javax.persistence.NonUniqueResultException: query did not return a unique result: 5
	at org.hibernate.internal.ExceptionConverterImpl.convert(ExceptionConverterImpl.java:128)
	at org.hibernate.query.internal.AbstractProducedQuery.getSingleResult(AbstractProducedQuery.java:1648)
	at org.hibernate.query.criteria.internal.compile.CriteriaQueryTypeQueryAdapter.getSingleResult(CriteriaQueryTypeQueryAdapter.java:111)
	at org.springframework.data.jpa.repository.query.JpaQueryExecution$SingleEntityExecution.doExecute(JpaQueryExecution.java:196)
	at org.springframework.data.jpa.repository.query.JpaQueryExecution.execute(JpaQueryExecution.java:88)
	at org.springframework.data.jpa.repository.query.AbstractJpaQuery.doExecute(AbstractJpaQuery.java:155)
	at org.springframework.data.jpa.repository.query.AbstractJpaQuery.execute(AbstractJpaQuery.java:143)
	at org.springframework.data.repository.core.support.RepositoryMethodInvoker.doInvoke(RepositoryMethodInvoker.java:137)
	at org.springframework.data.repository.core.support.RepositoryMethodInvoker.invoke(RepositoryMethodInvoker.java:121)
	at org.springframework.data.repository.core.support.QueryExecutorMethodInterceptor.doInvoke(QueryExecutorMethodInterceptor.java:152)
	at org.springframework.data.repository.core.support.QueryExecutorMethodInterceptor.invoke(QueryExecutorMethodInterceptor.java:131)
	at org.springframework.aop.framework.ReflectiveMethodInvocation.proceed(ReflectiveMethodInvocation.java:186)
	at org.springframework.data.projection.DefaultMethodInvokingMethodInterceptor.invoke(DefaultMethodInvokingMethodInterceptor.java:80)
	at org.springframework.aop.framework.ReflectiveMethodInvocation.proceed(ReflectiveMethodInvocation.java:186)
	at org.springframework.transaction.interceptor.TransactionInterceptor$1.proceedWithInvocation(TransactionInterceptor.java:123)
	at org.springframework.transaction.interceptor.TransactionAspectSupport.invokeWithinTransaction(TransactionAspectSupport.java:388)
	at org.springframework.transaction.interceptor.TransactionInterceptor.invoke(TransactionInterceptor.java:119)
	at org.springframework.aop.framework.ReflectiveMethodInvocation.proceed(ReflectiveMethodInvocation.java:186)
	at org.springframework.dao.support.PersistenceExceptionTranslationInterceptor.invoke(PersistenceExceptionTranslationInterceptor.java:137)
	at org.springframework.aop.framework.ReflectiveMethodInvocation.proceed(ReflectiveMethodInvocation.java:186)
	at org.springframework.data.jpa.repository.support.CrudMethodMetadataPostProcessor$CrudMethodMetadataPopulatingMethodInterceptor.invoke(CrudMethodMetadataPostProcessor.java:145)
	at org.springframework.aop.framework.ReflectiveMethodInvocation.proceed(ReflectiveMethodInvocation.java:186)
	at org.springframework.aop.interceptor.ExposeInvocationInterceptor.invoke(ExposeInvocationInterceptor.java:97)
	at org.springframework.aop.framework.ReflectiveMethodInvocation.proceed(ReflectiveMethodInvocation.java:186)
	at org.springframework.aop.framework.JdkDynamicAopProxy.invoke(JdkDynamicAopProxy.java:215)
	at com.sun.proxy.$Proxy122.findByNombre(Unknown Source)
	at java.base/jdk.internal.reflect.NativeMethodAccessorImpl.invoke0(Native Method)
	at java.base/jdk.internal.reflect.NativeMethodAccessorImpl.invoke(NativeMethodAccessorImpl.java:62)
	at java.base/jdk.internal.reflect.DelegatingMethodAccessorImpl.invoke(DelegatingMethodAccessorImpl.java:43)
	at java.base/java.lang.reflect.Method.invoke(Method.java:566)
	at org.springframework.aop.support.AopUtils.invokeJoinpointUsingReflection(AopUtils.java:344)
	at org.springframework.aop.framework.ReflectiveMethodInvocation.invokeJoinpoint(ReflectiveMethodInvocation.java:198)
	at org.springframework.aop.framework.ReflectiveMethodInvocation.proceed(ReflectiveMethodInvocation.java:163)
	at org.springframework.dao.support.PersistenceExceptionTranslationInterceptor.invoke(PersistenceExceptionTranslationInterceptor.java:137)
	at org.springframework.aop.framework.ReflectiveMethodInvocation.proceed(ReflectiveMethodInvocation.java:186)
	at org.springframework.aop.aspectj.AspectJAfterAdvice.invoke(AspectJAfterAdvice.java:49)
	at org.springframework.aop.framework.ReflectiveMethodInvocation.proceed(ReflectiveMethodInvocation.java:186)
	at org.springframework.aop.framework.adapter.MethodBeforeAdviceInterceptor.invoke(MethodBeforeAdviceInterceptor.java:58)
	at org.springframework.aop.framework.ReflectiveMethodInvocation.proceed(ReflectiveMethodInvocation.java:186)
	at org.springframework.aop.interceptor.ExposeInvocationInterceptor.invoke(ExposeInvocationInterceptor.java:97)
	at org.springframework.aop.framework.ReflectiveMethodInvocation.proceed(ReflectiveMethodInvocation.java:186)
	at org.springframework.aop.framework.JdkDynamicAopProxy.invoke(JdkDynamicAopProxy.java:215)
	at com.sun.proxy.$Proxy122.findByNombre(Unknown Source)
	at utn.isi.dan.material.service.implement.MaterialServiceImpl.buscarMaterialPorNombre(MaterialServiceImpl.java:66)
	at utn.isi.dan.material.service.implement.MaterialServiceImpl$$FastClassBySpringCGLIB$$d947f54e.invoke(<generated>)
	at org.springframework.cglib.proxy.MethodProxy.invoke(MethodProxy.java:218)
	at org.springframework.aop.framework.CglibAopProxy$CglibMethodInvocation.invokeJoinpoint(CglibAopProxy.java:779)
	at org.springframework.aop.framework.ReflectiveMethodInvocation.proceed(ReflectiveMethodInvocation.java:163)
	at org.springframework.aop.framework.CglibAopProxy$CglibMethodInvocation.proceed(CglibAopProxy.java:750)
	at org.springframework.aop.aspectj.AspectJAfterAdvice.invoke(AspectJAfterAdvice.java:49)
	at org.springframework.aop.framework.ReflectiveMethodInvocation.proceed(ReflectiveMethodInvocation.java:186)
	at org.springframework.aop.framework.CglibAopProxy$CglibMethodInvocation.proceed(CglibAopProxy.java:750)
	at org.springframework.aop.framework.adapter.MethodBeforeAdviceInterceptor.invoke(MethodBeforeAdviceInterceptor.java:58)
	at org.springframework.aop.framework.ReflectiveMethodInvocation.proceed(ReflectiveMethodInvocation.java:186)
	at org.springframework.aop.framework.CglibAopProxy$CglibMethodInvocation.proceed(CglibAopProxy.java:750)
	at org.springframework.aop.interceptor.ExposeInvocationInterceptor.invoke(ExposeInvocationInterceptor.java:97)
	at org.springframework.aop.framework.ReflectiveMethodInvocation.proceed(ReflectiveMethodInvocation.java:186)
	at org.springframework.aop.framework.CglibAopProxy$CglibMethodInvocation.proceed(CglibAopProxy.java:750)
	at org.springframework.aop.framework.CglibAopProxy$DynamicAdvisedInterceptor.intercept(CglibAopProxy.java:692)
	at utn.isi.dan.material.service.implement.MaterialServiceImpl$$EnhancerBySpringCGLIB$$a8a264a3.buscarMaterialPorNombre(<generated>)
	at utn.isi.dan.material.rest.MaterialRest.materialPorNombre(MaterialRest.java:82)
	at java.base/jdk.internal.reflect.NativeMethodAccessorImpl.invoke0(Native Method)
	at java.base/jdk.internal.reflect.NativeMethodAccessorImpl.invoke(NativeMethodAccessorImpl.java:62)
	at java.base/jdk.internal.reflect.DelegatingMethodAccessorImpl.invoke(DelegatingMethodAccessorImpl.java:43)
	at java.base/java.lang.reflect.Method.invoke(Method.java:566)
	at org.springframework.web.method.support.InvocableHandlerMethod.doInvoke(InvocableHandlerMethod.java:197)
	at org.springframework.web.method.support.InvocableHandlerMethod.invokeForRequest(InvocableHandlerMethod.java:141)
	at org.springframework.web.servlet.mvc.method.annotation.ServletInvocableHandlerMethod.invokeAndHandle(ServletInvocableHandlerMethod.java:106)
	at org.springframework.web.servlet.mvc.method.annotation.RequestMappingHandlerAdapter.invokeHandlerMethod(RequestMappingHandlerAdapter.java:894)
	at org.springframework.web.servlet.mvc.method.annotation.RequestMappingHandlerAdapter.handleInternal(RequestMappingHandlerAdapter.java:808)
	at org.springframework.web.servlet.mvc.method.AbstractHandlerMethodAdapter.handle(AbstractHandlerMethodAdapter.java:87)
	at org.springframework.web.servlet.DispatcherServlet.doDispatch(DispatcherServlet.java:1060)
	at org.springframework.web.servlet.DispatcherServlet.doService(DispatcherServlet.java:962)
	at org.springframework.web.servlet.FrameworkServlet.processRequest(FrameworkServlet.java:1006)
	at org.springframework.web.servlet.FrameworkServlet.doGet(FrameworkServlet.java:898)
	at javax.servlet.http.HttpServlet.service(HttpServlet.java:626)
	at org.springframework.web.servlet.FrameworkServlet.service(FrameworkServlet.java:883)
	at javax.servlet.http.HttpServlet.service(HttpServlet.java:733)
	at org.apache.catalina.core.ApplicationFilterChain.internalDoFilter(ApplicationFilterChain.java:227)
	at org.apache.catalina.core.ApplicationFilterChain.doFilter(ApplicationFilterChain.java:162)
	at org.apache.tomcat.websocket.server.WsFilter.doFilter(WsFilter.java:53)
	at org.apache.catalina.core.ApplicationFilterChain.internalDoFilter(ApplicationFilterChain.java:189)
	at org.apache.catalina.core.ApplicationFilterChain.doFilter(ApplicationFilterChain.java:162)
	at org.springframework.web.filter.RequestContextFilter.doFilterInternal(RequestContextFilter.java:100)
	at org.springframework.web.filter.OncePerRequestFilter.doFilter(OncePerRequestFilter.java:119)
	at org.apache.catalina.core.ApplicationFilterChain.internalDoFilter(ApplicationFilterChain.java:189)
	at org.apache.catalina.core.ApplicationFilterChain.doFilter(ApplicationFilterChain.java:162)
	at org.springframework.web.filter.FormContentFilter.doFilterInternal(FormContentFilter.java:93)
	at org.springframework.web.filter.OncePerRequestFilter.doFilter(OncePerRequestFilter.java:119)
	at org.apache.catalina.core.ApplicationFilterChain.internalDoFilter(ApplicationFilterChain.java:189)
	at org.apache.catalina.core.ApplicationFilterChain.doFilter(ApplicationFilterChain.java:162)
	at org.springframework.web.filter.CharacterEncodingFilter.doFilterInternal(CharacterEncodingFilter.java:201)
	at org.springframework.web.filter.OncePerRequestFilter.doFilter(OncePerRequestFilter.java:119)
	at org.apache.catalina.core.ApplicationFilterChain.internalDoFilter(ApplicationFilterChain.java:189)
	at org.apache.catalina.core.ApplicationFilterChain.doFilter(ApplicationFilterChain.java:162)
	at org.apache.catalina.core.StandardWrapperValve.invoke(StandardWrapperValve.java:202)
	at org.apache.catalina.core.StandardContextValve.invoke(StandardContextValve.java:97)
	at org.apache.catalina.authenticator.AuthenticatorBase.invoke(AuthenticatorBase.java:542)
	at org.apache.catalina.core.StandardHostValve.invoke(StandardHostValve.java:143)
	at org.apache.catalina.valves.ErrorReportValve.invoke(ErrorReportValve.java:92)
	at org.apache.catalina.core.StandardEngineValve.invoke(StandardEngineValve.java:78)
	at org.apache.catalina.connector.CoyoteAdapter.service(CoyoteAdapter.java:357)
	at org.apache.coyote.http11.Http11Processor.service(Http11Processor.java:374)
	at org.apache.coyote.AbstractProcessorLight.process(AbstractProcessorLight.java:65)
	at org.apache.coyote.AbstractProtocol$ConnectionHandler.process(AbstractProtocol.java:893)
	at org.apache.tomcat.util.net.NioEndpoint$SocketProcessor.doRun(NioEndpoint.java:1707)
	at org.apache.tomcat.util.net.SocketProcessorBase.run(SocketProcessorBase.java:49)
	at java.base/java.util.concurrent.ThreadPoolExecutor.runWorker(ThreadPoolExecutor.java:1128)
	at java.base/java.util.concurrent.ThreadPoolExecutor$Worker.run(ThreadPoolExecutor.java:628)
	at org.apache.tomcat.util.threads.TaskThread$WrappingRunnable.run(TaskThread.java:61)
	at java.base/java.lang.Thread.run(Thread.java:834)
28-05-2021;21:24:25 INFO org.springframework.boot.StartupInfoLogger Starting DanMsMaterialApplication using Java 11.0.10 on LAPTOP-RIQUELME-CIRO with PID 10932 (C:\Users\Ciro Riquelme\eclipse-workspace-DAN\dan-ms-material\target\classes started by CiroRiquelme in C:\Users\Ciro Riquelme\eclipse-workspace-DAN\dan-ms-material)
28-05-2021;21:24:25 INFO org.springframework.boot.SpringApplication No active profile set, falling back to default profiles: default
28-05-2021;21:25:17 WARN org.springframework.boot.autoconfigure.orm.jpa.JpaBaseConfiguration$JpaWebConfiguration spring.jpa.open-in-view is enabled by default. Therefore, database queries may be performed during view rendering. Explicitly configure spring.jpa.open-in-view to disable this warning
28-05-2021;21:25:20 INFO org.springframework.boot.StartupInfoLogger Started DanMsMaterialApplication in 55.091 seconds (JVM running for 57.454)
28-05-2021;21:26:52 INFO org.springframework.boot.StartupInfoLogger Starting DanMsMaterialApplication using Java 11.0.10 on LAPTOP-RIQUELME-CIRO with PID 10932 (C:\Users\Ciro Riquelme\eclipse-workspace-DAN\dan-ms-material\target\classes started by CiroRiquelme in C:\Users\Ciro Riquelme\eclipse-workspace-DAN\dan-ms-material)
28-05-2021;21:26:52 INFO org.springframework.boot.SpringApplication No active profile set, falling back to default profiles: default
28-05-2021;21:26:56 WARN org.springframework.boot.autoconfigure.orm.jpa.JpaBaseConfiguration$JpaWebConfiguration spring.jpa.open-in-view is enabled by default. Therefore, database queries may be performed during view rendering. Explicitly configure spring.jpa.open-in-view to disable this warning
28-05-2021;21:26:56 INFO org.springframework.boot.StartupInfoLogger Started DanMsMaterialApplication in 3.852 seconds (JVM running for 153.671)
28-05-2021;21:27:13 INFO utn.isi.dan.material.aspect.LogAspect class utn.isi.dan.material.service.implement.MaterialServiceImpl	<Before> Metodo: consultarMateriales	CantArgs: []
28-05-2021;21:27:13 INFO utn.isi.dan.material.aspect.LogAspect class utn.isi.dan.material.service.implement.MaterialServiceImpl	<After> Metodo: consultarMateriales	CantArgs: []
28-05-2021;21:27:29 INFO utn.isi.dan.material.aspect.LogAspect class utn.isi.dan.material.service.implement.MaterialServiceImpl	<Before> Metodo: crearMaterial	CantArgs: [utn.isi.dan.material.domain.Material@6e41f25f]
28-05-2021;21:27:29 INFO utn.isi.dan.material.aspect.LogAspect class com.sun.proxy.$Proxy153	<Before> Metodo: save	CantArgs: [utn.isi.dan.material.domain.Material@6e41f25f]
28-05-2021;21:27:29 WARN org.hibernate.engine.jdbc.spi.SqlExceptionHelper SQL Error: 1062, SQLState: 23000
28-05-2021;21:27:29 ERROR org.hibernate.engine.jdbc.spi.SqlExceptionHelper Duplicate entry 'Ladrillo' for key 'UK_4uvq07dkhl7krqab8s3pjccd1'
28-05-2021;21:27:29 INFO utn.isi.dan.material.aspect.LogAspect class com.sun.proxy.$Proxy153	<After> Metodo: save	CantArgs: [utn.isi.dan.material.domain.Material@6e41f25f]
28-05-2021;21:27:29 INFO utn.isi.dan.material.aspect.LogAspect class utn.isi.dan.material.service.implement.MaterialServiceImpl	<After> Metodo: crearMaterial	CantArgs: [utn.isi.dan.material.domain.Material@6e41f25f]
28-05-2021;21:27:29 ERROR org.apache.juli.logging.DirectJDKLog Servlet.service() for servlet [dispatcherServlet] in context with path [] threw exception [Request processing failed; nested exception is org.springframework.dao.DataIntegrityViolationException: could not execute statement; SQL [n/a]; constraint [UK_4uvq07dkhl7krqab8s3pjccd1]; nested exception is org.hibernate.exception.ConstraintViolationException: could not execute statement] with root cause
java.sql.SQLIntegrityConstraintViolationException: Duplicate entry 'Ladrillo' for key 'UK_4uvq07dkhl7krqab8s3pjccd1'
	at com.mysql.cj.jdbc.exceptions.SQLError.createSQLException(SQLError.java:117)
	at com.mysql.cj.jdbc.exceptions.SQLExceptionsMapping.translateException(SQLExceptionsMapping.java:122)
	at com.mysql.cj.jdbc.ClientPreparedStatement.executeInternal(ClientPreparedStatement.java:953)
	at com.mysql.cj.jdbc.ClientPreparedStatement.executeUpdateInternal(ClientPreparedStatement.java:1092)
	at com.mysql.cj.jdbc.ClientPreparedStatement.executeUpdateInternal(ClientPreparedStatement.java:1040)
	at com.mysql.cj.jdbc.ClientPreparedStatement.executeLargeUpdate(ClientPreparedStatement.java:1347)
	at com.mysql.cj.jdbc.ClientPreparedStatement.executeUpdate(ClientPreparedStatement.java:1025)
	at com.zaxxer.hikari.pool.ProxyPreparedStatement.executeUpdate(ProxyPreparedStatement.java:61)
	at com.zaxxer.hikari.pool.HikariProxyPreparedStatement.executeUpdate(HikariProxyPreparedStatement.java)
	at org.hibernate.engine.jdbc.internal.ResultSetReturnImpl.executeUpdate(ResultSetReturnImpl.java:197)
	at org.hibernate.dialect.identity.GetGeneratedKeysDelegate.executeAndExtract(GetGeneratedKeysDelegate.java:57)
	at org.hibernate.id.insert.AbstractReturningDelegate.performInsert(AbstractReturningDelegate.java:43)
	at org.hibernate.persister.entity.AbstractEntityPersister.insert(AbstractEntityPersister.java:3195)
	at org.hibernate.persister.entity.AbstractEntityPersister.insert(AbstractEntityPersister.java:3801)
	at org.hibernate.action.internal.EntityIdentityInsertAction.execute(EntityIdentityInsertAction.java:84)
	at org.hibernate.engine.spi.ActionQueue.execute(ActionQueue.java:645)
	at org.hibernate.engine.spi.ActionQueue.addResolvedEntityInsertAction(ActionQueue.java:282)
	at org.hibernate.engine.spi.ActionQueue.addInsertAction(ActionQueue.java:263)
	at org.hibernate.engine.spi.ActionQueue.addAction(ActionQueue.java:317)
	at org.hibernate.event.internal.AbstractSaveEventListener.addInsertAction(AbstractSaveEventListener.java:330)
	at org.hibernate.event.internal.AbstractSaveEventListener.performSaveOrReplicate(AbstractSaveEventListener.java:287)
	at org.hibernate.event.internal.AbstractSaveEventListener.performSave(AbstractSaveEventListener.java:193)
	at org.hibernate.event.internal.AbstractSaveEventListener.saveWithGeneratedId(AbstractSaveEventListener.java:123)
	at org.hibernate.event.internal.DefaultPersistEventListener.entityIsTransient(DefaultPersistEventListener.java:185)
	at org.hibernate.event.internal.DefaultPersistEventListener.onPersist(DefaultPersistEventListener.java:128)
	at org.hibernate.event.internal.DefaultPersistEventListener.onPersist(DefaultPersistEventListener.java:55)
	at org.hibernate.event.service.internal.EventListenerGroupImpl.fireEventOnEachListener(EventListenerGroupImpl.java:93)
	at org.hibernate.internal.SessionImpl.firePersist(SessionImpl.java:720)
	at org.hibernate.internal.SessionImpl.persist(SessionImpl.java:706)
	at java.base/jdk.internal.reflect.NativeMethodAccessorImpl.invoke0(Native Method)
	at java.base/jdk.internal.reflect.NativeMethodAccessorImpl.invoke(NativeMethodAccessorImpl.java:62)
	at java.base/jdk.internal.reflect.DelegatingMethodAccessorImpl.invoke(DelegatingMethodAccessorImpl.java:43)
	at java.base/java.lang.reflect.Method.invoke(Method.java:566)
	at org.springframework.orm.jpa.ExtendedEntityManagerCreator$ExtendedEntityManagerInvocationHandler.invoke(ExtendedEntityManagerCreator.java:362)
	at com.sun.proxy.$Proxy151.persist(Unknown Source)
	at java.base/jdk.internal.reflect.NativeMethodAccessorImpl.invoke0(Native Method)
	at java.base/jdk.internal.reflect.NativeMethodAccessorImpl.invoke(NativeMethodAccessorImpl.java:62)
	at java.base/jdk.internal.reflect.DelegatingMethodAccessorImpl.invoke(DelegatingMethodAccessorImpl.java:43)
	at java.base/java.lang.reflect.Method.invoke(Method.java:566)
	at org.springframework.orm.jpa.SharedEntityManagerCreator$SharedEntityManagerInvocationHandler.invoke(SharedEntityManagerCreator.java:311)
	at com.sun.proxy.$Proxy151.persist(Unknown Source)
	at org.springframework.data.jpa.repository.support.SimpleJpaRepository.save(SimpleJpaRepository.java:557)
	at java.base/jdk.internal.reflect.NativeMethodAccessorImpl.invoke0(Native Method)
	at java.base/jdk.internal.reflect.NativeMethodAccessorImpl.invoke(NativeMethodAccessorImpl.java:62)
	at java.base/jdk.internal.reflect.DelegatingMethodAccessorImpl.invoke(DelegatingMethodAccessorImpl.java:43)
	at java.base/java.lang.reflect.Method.invoke(Method.java:566)
	at org.springframework.data.repository.core.support.RepositoryMethodInvoker$RepositoryFragmentMethodInvoker.lambda$new$0(RepositoryMethodInvoker.java:289)
	at org.springframework.data.repository.core.support.RepositoryMethodInvoker.doInvoke(RepositoryMethodInvoker.java:137)
	at org.springframework.data.repository.core.support.RepositoryMethodInvoker.invoke(RepositoryMethodInvoker.java:121)
	at org.springframework.data.repository.core.support.RepositoryComposition$RepositoryFragments.invoke(RepositoryComposition.java:524)
	at org.springframework.data.repository.core.support.RepositoryComposition.invoke(RepositoryComposition.java:285)
	at org.springframework.data.repository.core.support.RepositoryFactorySupport$ImplementationMethodExecutionInterceptor.invoke(RepositoryFactorySupport.java:531)
	at org.springframework.aop.framework.ReflectiveMethodInvocation.proceed(ReflectiveMethodInvocation.java:186)
	at org.springframework.data.repository.core.support.QueryExecutorMethodInterceptor.doInvoke(QueryExecutorMethodInterceptor.java:156)
	at org.springframework.data.repository.core.support.QueryExecutorMethodInterceptor.invoke(QueryExecutorMethodInterceptor.java:131)
	at org.springframework.aop.framework.ReflectiveMethodInvocation.proceed(ReflectiveMethodInvocation.java:186)
	at org.springframework.data.projection.DefaultMethodInvokingMethodInterceptor.invoke(DefaultMethodInvokingMethodInterceptor.java:80)
	at org.springframework.aop.framework.ReflectiveMethodInvocation.proceed(ReflectiveMethodInvocation.java:186)
	at org.springframework.transaction.interceptor.TransactionInterceptor$1.proceedWithInvocation(TransactionInterceptor.java:123)
	at org.springframework.transaction.interceptor.TransactionAspectSupport.invokeWithinTransaction(TransactionAspectSupport.java:388)
	at org.springframework.transaction.interceptor.TransactionInterceptor.invoke(TransactionInterceptor.java:119)
	at org.springframework.aop.framework.ReflectiveMethodInvocation.proceed(ReflectiveMethodInvocation.java:186)
	at org.springframework.dao.support.PersistenceExceptionTranslationInterceptor.invoke(PersistenceExceptionTranslationInterceptor.java:137)
	at org.springframework.aop.framework.ReflectiveMethodInvocation.proceed(ReflectiveMethodInvocation.java:186)
	at org.springframework.data.jpa.repository.support.CrudMethodMetadataPostProcessor$CrudMethodMetadataPopulatingMethodInterceptor.invoke(CrudMethodMetadataPostProcessor.java:174)
	at org.springframework.aop.framework.ReflectiveMethodInvocation.proceed(ReflectiveMethodInvocation.java:186)
	at org.springframework.aop.interceptor.ExposeInvocationInterceptor.invoke(ExposeInvocationInterceptor.java:97)
	at org.springframework.aop.framework.ReflectiveMethodInvocation.proceed(ReflectiveMethodInvocation.java:186)
	at org.springframework.aop.framework.JdkDynamicAopProxy.invoke(JdkDynamicAopProxy.java:215)
	at com.sun.proxy.$Proxy153.save(Unknown Source)
	at java.base/jdk.internal.reflect.NativeMethodAccessorImpl.invoke0(Native Method)
	at java.base/jdk.internal.reflect.NativeMethodAccessorImpl.invoke(NativeMethodAccessorImpl.java:62)
	at java.base/jdk.internal.reflect.DelegatingMethodAccessorImpl.invoke(DelegatingMethodAccessorImpl.java:43)
	at java.base/java.lang.reflect.Method.invoke(Method.java:566)
	at org.springframework.aop.support.AopUtils.invokeJoinpointUsingReflection(AopUtils.java:344)
	at org.springframework.aop.framework.ReflectiveMethodInvocation.invokeJoinpoint(ReflectiveMethodInvocation.java:198)
	at org.springframework.aop.framework.ReflectiveMethodInvocation.proceed(ReflectiveMethodInvocation.java:163)
	at org.springframework.dao.support.PersistenceExceptionTranslationInterceptor.invoke(PersistenceExceptionTranslationInterceptor.java:137)
	at org.springframework.aop.framework.ReflectiveMethodInvocation.proceed(ReflectiveMethodInvocation.java:186)
	at org.springframework.aop.aspectj.AspectJAfterAdvice.invoke(AspectJAfterAdvice.java:49)
	at org.springframework.aop.framework.ReflectiveMethodInvocation.proceed(ReflectiveMethodInvocation.java:186)
	at org.springframework.aop.framework.adapter.MethodBeforeAdviceInterceptor.invoke(MethodBeforeAdviceInterceptor.java:58)
	at org.springframework.aop.framework.ReflectiveMethodInvocation.proceed(ReflectiveMethodInvocation.java:186)
	at org.springframework.aop.interceptor.ExposeInvocationInterceptor.invoke(ExposeInvocationInterceptor.java:97)
	at org.springframework.aop.framework.ReflectiveMethodInvocation.proceed(ReflectiveMethodInvocation.java:186)
	at org.springframework.aop.framework.JdkDynamicAopProxy.invoke(JdkDynamicAopProxy.java:215)
	at com.sun.proxy.$Proxy153.save(Unknown Source)
	at utn.isi.dan.material.service.implement.MaterialServiceImpl.crearMaterial(MaterialServiceImpl.java:34)
	at utn.isi.dan.material.service.implement.MaterialServiceImpl$$FastClassBySpringCGLIB$$d947f54e.invoke(<generated>)
	at org.springframework.cglib.proxy.MethodProxy.invoke(MethodProxy.java:218)
	at org.springframework.aop.framework.CglibAopProxy$CglibMethodInvocation.invokeJoinpoint(CglibAopProxy.java:779)
	at org.springframework.aop.framework.ReflectiveMethodInvocation.proceed(ReflectiveMethodInvocation.java:163)
	at org.springframework.aop.framework.CglibAopProxy$CglibMethodInvocation.proceed(CglibAopProxy.java:750)
	at org.springframework.aop.aspectj.AspectJAfterAdvice.invoke(AspectJAfterAdvice.java:49)
	at org.springframework.aop.framework.ReflectiveMethodInvocation.proceed(ReflectiveMethodInvocation.java:186)
	at org.springframework.aop.framework.CglibAopProxy$CglibMethodInvocation.proceed(CglibAopProxy.java:750)
	at org.springframework.aop.framework.adapter.MethodBeforeAdviceInterceptor.invoke(MethodBeforeAdviceInterceptor.java:58)
	at org.springframework.aop.framework.ReflectiveMethodInvocation.proceed(ReflectiveMethodInvocation.java:186)
	at org.springframework.aop.framework.CglibAopProxy$CglibMethodInvocation.proceed(CglibAopProxy.java:750)
	at org.springframework.aop.interceptor.ExposeInvocationInterceptor.invoke(ExposeInvocationInterceptor.java:97)
	at org.springframework.aop.framework.ReflectiveMethodInvocation.proceed(ReflectiveMethodInvocation.java:186)
	at org.springframework.aop.framework.CglibAopProxy$CglibMethodInvocation.proceed(CglibAopProxy.java:750)
	at org.springframework.aop.framework.CglibAopProxy$DynamicAdvisedInterceptor.intercept(CglibAopProxy.java:692)
	at utn.isi.dan.material.service.implement.MaterialServiceImpl$$EnhancerBySpringCGLIB$$ace687d6.crearMaterial(<generated>)
	at utn.isi.dan.material.rest.MaterialRest.crearMaterial(MaterialRest.java:43)
	at java.base/jdk.internal.reflect.NativeMethodAccessorImpl.invoke0(Native Method)
	at java.base/jdk.internal.reflect.NativeMethodAccessorImpl.invoke(NativeMethodAccessorImpl.java:62)
	at java.base/jdk.internal.reflect.DelegatingMethodAccessorImpl.invoke(DelegatingMethodAccessorImpl.java:43)
	at java.base/java.lang.reflect.Method.invoke(Method.java:566)
	at org.springframework.web.method.support.InvocableHandlerMethod.doInvoke(InvocableHandlerMethod.java:197)
	at org.springframework.web.method.support.InvocableHandlerMethod.invokeForRequest(InvocableHandlerMethod.java:141)
	at org.springframework.web.servlet.mvc.method.annotation.ServletInvocableHandlerMethod.invokeAndHandle(ServletInvocableHandlerMethod.java:106)
	at org.springframework.web.servlet.mvc.method.annotation.RequestMappingHandlerAdapter.invokeHandlerMethod(RequestMappingHandlerAdapter.java:894)
	at org.springframework.web.servlet.mvc.method.annotation.RequestMappingHandlerAdapter.handleInternal(RequestMappingHandlerAdapter.java:808)
	at org.springframework.web.servlet.mvc.method.AbstractHandlerMethodAdapter.handle(AbstractHandlerMethodAdapter.java:87)
	at org.springframework.web.servlet.DispatcherServlet.doDispatch(DispatcherServlet.java:1060)
	at org.springframework.web.servlet.DispatcherServlet.doService(DispatcherServlet.java:962)
	at org.springframework.web.servlet.FrameworkServlet.processRequest(FrameworkServlet.java:1006)
	at org.springframework.web.servlet.FrameworkServlet.doPost(FrameworkServlet.java:909)
	at javax.servlet.http.HttpServlet.service(HttpServlet.java:652)
	at org.springframework.web.servlet.FrameworkServlet.service(FrameworkServlet.java:883)
	at javax.servlet.http.HttpServlet.service(HttpServlet.java:733)
	at org.apache.catalina.core.ApplicationFilterChain.internalDoFilter(ApplicationFilterChain.java:227)
	at org.apache.catalina.core.ApplicationFilterChain.doFilter(ApplicationFilterChain.java:162)
	at org.apache.tomcat.websocket.server.WsFilter.doFilter(WsFilter.java:53)
	at org.apache.catalina.core.ApplicationFilterChain.internalDoFilter(ApplicationFilterChain.java:189)
	at org.apache.catalina.core.ApplicationFilterChain.doFilter(ApplicationFilterChain.java:162)
	at org.springframework.web.filter.RequestContextFilter.doFilterInternal(RequestContextFilter.java:100)
	at org.springframework.web.filter.OncePerRequestFilter.doFilter(OncePerRequestFilter.java:119)
	at org.apache.catalina.core.ApplicationFilterChain.internalDoFilter(ApplicationFilterChain.java:189)
	at org.apache.catalina.core.ApplicationFilterChain.doFilter(ApplicationFilterChain.java:162)
	at org.springframework.web.filter.FormContentFilter.doFilterInternal(FormContentFilter.java:93)
	at org.springframework.web.filter.OncePerRequestFilter.doFilter(OncePerRequestFilter.java:119)
	at org.apache.catalina.core.ApplicationFilterChain.internalDoFilter(ApplicationFilterChain.java:189)
	at org.apache.catalina.core.ApplicationFilterChain.doFilter(ApplicationFilterChain.java:162)
	at org.springframework.web.filter.CharacterEncodingFilter.doFilterInternal(CharacterEncodingFilter.java:201)
	at org.springframework.web.filter.OncePerRequestFilter.doFilter(OncePerRequestFilter.java:119)
	at org.apache.catalina.core.ApplicationFilterChain.internalDoFilter(ApplicationFilterChain.java:189)
	at org.apache.catalina.core.ApplicationFilterChain.doFilter(ApplicationFilterChain.java:162)
	at org.apache.catalina.core.StandardWrapperValve.invoke(StandardWrapperValve.java:202)
	at org.apache.catalina.core.StandardContextValve.invoke(StandardContextValve.java:97)
	at org.apache.catalina.authenticator.AuthenticatorBase.invoke(AuthenticatorBase.java:542)
	at org.apache.catalina.core.StandardHostValve.invoke(StandardHostValve.java:143)
	at org.apache.catalina.valves.ErrorReportValve.invoke(ErrorReportValve.java:92)
	at org.apache.catalina.core.StandardEngineValve.invoke(StandardEngineValve.java:78)
	at org.apache.catalina.connector.CoyoteAdapter.service(CoyoteAdapter.java:357)
	at org.apache.coyote.http11.Http11Processor.service(Http11Processor.java:374)
	at org.apache.coyote.AbstractProcessorLight.process(AbstractProcessorLight.java:65)
	at org.apache.coyote.AbstractProtocol$ConnectionHandler.process(AbstractProtocol.java:893)
	at org.apache.tomcat.util.net.NioEndpoint$SocketProcessor.doRun(NioEndpoint.java:1707)
	at org.apache.tomcat.util.net.SocketProcessorBase.run(SocketProcessorBase.java:49)
	at java.base/java.util.concurrent.ThreadPoolExecutor.runWorker(ThreadPoolExecutor.java:1128)
	at java.base/java.util.concurrent.ThreadPoolExecutor$Worker.run(ThreadPoolExecutor.java:628)
	at org.apache.tomcat.util.threads.TaskThread$WrappingRunnable.run(TaskThread.java:61)
	at java.base/java.lang.Thread.run(Thread.java:834)
28-05-2021;21:28:25 INFO utn.isi.dan.material.aspect.LogAspect class utn.isi.dan.material.service.implement.MaterialServiceImpl	<Before> Metodo: crearMaterial	CantArgs: [utn.isi.dan.material.domain.Material@fad09b5]
28-05-2021;21:28:25 INFO utn.isi.dan.material.aspect.LogAspect class com.sun.proxy.$Proxy153	<Before> Metodo: save	CantArgs: [utn.isi.dan.material.domain.Material@fad09b5]
28-05-2021;21:28:26 INFO utn.isi.dan.material.aspect.LogAspect class com.sun.proxy.$Proxy153	<After> Metodo: save	CantArgs: [utn.isi.dan.material.domain.Material@fad09b5]
28-05-2021;21:28:26 INFO utn.isi.dan.material.aspect.LogAspect class utn.isi.dan.material.service.implement.MaterialServiceImpl	<After> Metodo: crearMaterial	CantArgs: [utn.isi.dan.material.domain.Material@fad09b5]
28-05-2021;21:28:28 INFO utn.isi.dan.material.aspect.LogAspect class utn.isi.dan.material.service.implement.MaterialServiceImpl	<Before> Metodo: consultarMateriales	CantArgs: []
28-05-2021;21:28:28 INFO utn.isi.dan.material.aspect.LogAspect class utn.isi.dan.material.service.implement.MaterialServiceImpl	<After> Metodo: consultarMateriales	CantArgs: []
28-05-2021;21:28:44 INFO utn.isi.dan.material.aspect.LogAspect class utn.isi.dan.material.service.implement.MaterialServiceImpl	<Before> Metodo: buscarMaterialPorNombre	CantArgs: [ladrillo]
28-05-2021;21:28:44 INFO utn.isi.dan.material.aspect.LogAspect class com.sun.proxy.$Proxy153	<Before> Metodo: findByNombre	CantArgs: [ladrillo]
28-05-2021;21:28:44 INFO utn.isi.dan.material.aspect.LogAspect class com.sun.proxy.$Proxy153	<After> Metodo: findByNombre	CantArgs: [ladrillo]
28-05-2021;21:28:44 INFO utn.isi.dan.material.aspect.LogAspect class utn.isi.dan.material.service.implement.MaterialServiceImpl	<After> Metodo: buscarMaterialPorNombre	CantArgs: [ladrillo]
28-05-2021;21:28:52 INFO utn.isi.dan.material.aspect.LogAspect class utn.isi.dan.material.service.implement.MaterialServiceImpl	<Before> Metodo: buscarMaterialPorNombre	CantArgs: [vigueta]
28-05-2021;21:28:52 INFO utn.isi.dan.material.aspect.LogAspect class com.sun.proxy.$Proxy153	<Before> Metodo: findByNombre	CantArgs: [vigueta]
28-05-2021;21:28:52 INFO utn.isi.dan.material.aspect.LogAspect class com.sun.proxy.$Proxy153	<After> Metodo: findByNombre	CantArgs: [vigueta]
28-05-2021;21:28:52 INFO utn.isi.dan.material.aspect.LogAspect class utn.isi.dan.material.service.implement.MaterialServiceImpl	<After> Metodo: buscarMaterialPorNombre	CantArgs: [vigueta]
28-05-2021;21:29:49 INFO utn.isi.dan.material.aspect.LogAspect class utn.isi.dan.material.service.implement.MaterialServiceImpl	<Before> Metodo: buscarMaterialPorNombre	CantArgs: [vigueta]
28-05-2021;21:29:49 INFO utn.isi.dan.material.aspect.LogAspect class com.sun.proxy.$Proxy153	<Before> Metodo: findByNombre	CantArgs: [vigueta]
28-05-2021;21:29:49 INFO utn.isi.dan.material.aspect.LogAspect class com.sun.proxy.$Proxy153	<After> Metodo: findByNombre	CantArgs: [vigueta]
28-05-2021;21:29:49 INFO utn.isi.dan.material.aspect.LogAspect class utn.isi.dan.material.service.implement.MaterialServiceImpl	<After> Metodo: buscarMaterialPorNombre	CantArgs: [vigueta]
28-05-2021;22:21:28 INFO org.springframework.boot.StartupInfoLogger Starting DanMsMaterialApplication using Java 11.0.10 on LAPTOP-RIQUELME-CIRO with PID 15612 (C:\Users\Ciro Riquelme\eclipse-workspace-DAN\dan-ms-material\target\classes started by CiroRiquelme in C:\Users\Ciro Riquelme\eclipse-workspace-DAN\dan-ms-material)
28-05-2021;22:21:28 INFO org.springframework.boot.SpringApplication No active profile set, falling back to default profiles: default
28-05-2021;22:21:33 WARN org.springframework.boot.autoconfigure.orm.jpa.JpaBaseConfiguration$JpaWebConfiguration spring.jpa.open-in-view is enabled by default. Therefore, database queries may be performed during view rendering. Explicitly configure spring.jpa.open-in-view to disable this warning
28-05-2021;22:21:36 INFO org.springframework.boot.StartupInfoLogger Started DanMsMaterialApplication in 9.276 seconds (JVM running for 11.435)
28-05-2021;22:22:08 INFO utn.isi.dan.material.aspect.LogAspect class utn.isi.dan.material.service.implement.MaterialServiceImpl	<Before> Metodo: consultarMateriales	CantArgs: []
28-05-2021;22:22:08 INFO utn.isi.dan.material.aspect.LogAspect class utn.isi.dan.material.service.implement.MaterialServiceImpl	<After> Metodo: consultarMateriales	CantArgs: []
28-05-2021;22:23:15 WARN org.springframework.web.servlet.handler.AbstractHandlerExceptionResolver Resolved [org.springframework.web.bind.MissingServletRequestParameterException: Required request parameter 'imo' for method parameter type Integer is not present]
28-05-2021;22:23:19 INFO utn.isi.dan.material.aspect.LogAspect class utn.isi.dan.material.service.implement.MaterialServiceImpl	<Before> Metodo: buscarMaterialRangoPrecio	CantArgs: [50.0, 100.0]
28-05-2021;22:23:19 INFO utn.isi.dan.material.aspect.LogAspect class com.sun.proxy.$Proxy122	<Before> Metodo: findByPrecioBetween	CantArgs: [50.0, 100.0]
28-05-2021;22:23:19 INFO utn.isi.dan.material.aspect.LogAspect class com.sun.proxy.$Proxy122	<After> Metodo: findByPrecioBetween	CantArgs: [50.0, 100.0]
28-05-2021;22:23:19 INFO utn.isi.dan.material.aspect.LogAspect class utn.isi.dan.material.service.implement.MaterialServiceImpl	<After> Metodo: buscarMaterialRangoPrecio	CantArgs: [50.0, 100.0]
28-05-2021;22:23:21 WARN org.springframework.web.servlet.handler.AbstractHandlerExceptionResolver Resolved [org.springframework.web.bind.MissingServletRequestParameterException: Required request parameter 'imo' for method parameter type Integer is not present]
28-05-2021;22:23:39 WARN org.springframework.web.servlet.handler.AbstractHandlerExceptionResolver Resolved [org.springframework.web.bind.MissingServletRequestParameterException: Required request parameter 'imo' for method parameter type Integer is not present]
28-05-2021;22:23:46 WARN org.springframework.web.servlet.handler.AbstractHandlerExceptionResolver Resolved [org.springframework.web.bind.MissingServletRequestParameterException: Required request parameter 'imo' for method parameter type Integer is not present]
28-05-2021;22:24:10 INFO org.springframework.boot.StartupInfoLogger Starting DanMsMaterialApplication using Java 11.0.10 on LAPTOP-RIQUELME-CIRO with PID 15612 (C:\Users\Ciro Riquelme\eclipse-workspace-DAN\dan-ms-material\target\classes started by CiroRiquelme in C:\Users\Ciro Riquelme\eclipse-workspace-DAN\dan-ms-material)
28-05-2021;22:24:10 INFO org.springframework.boot.SpringApplication No active profile set, falling back to default profiles: default
28-05-2021;22:24:11 WARN org.springframework.boot.autoconfigure.orm.jpa.JpaBaseConfiguration$JpaWebConfiguration spring.jpa.open-in-view is enabled by default. Therefore, database queries may be performed during view rendering. Explicitly configure spring.jpa.open-in-view to disable this warning
28-05-2021;22:24:12 INFO org.springframework.boot.StartupInfoLogger Started DanMsMaterialApplication in 2.004 seconds (JVM running for 167.056)
28-05-2021;22:26:01 INFO utn.isi.dan.material.aspect.LogAspect class utn.isi.dan.material.service.implement.MaterialServiceImpl	<Before> Metodo: consultarMateriales	CantArgs: []
28-05-2021;22:26:01 INFO utn.isi.dan.material.aspect.LogAspect class utn.isi.dan.material.service.implement.MaterialServiceImpl	<After> Metodo: consultarMateriales	CantArgs: []
28-05-2021;22:26:57 INFO utn.isi.dan.material.aspect.LogAspect class utn.isi.dan.material.service.implement.MaterialServiceImpl	<Before> Metodo: buscarMaterialRangoStock	CantArgs: [150, 200]
28-05-2021;22:26:57 INFO utn.isi.dan.material.aspect.LogAspect class com.sun.proxy.$Proxy153	<Before> Metodo: findByStockActualBetween	CantArgs: [150, 200]
28-05-2021;22:26:57 INFO utn.isi.dan.material.aspect.LogAspect class com.sun.proxy.$Proxy153	<After> Metodo: findByStockActualBetween	CantArgs: [150, 200]
28-05-2021;22:26:57 INFO utn.isi.dan.material.aspect.LogAspect class utn.isi.dan.material.service.implement.MaterialServiceImpl	<After> Metodo: buscarMaterialRangoStock	CantArgs: [150, 200]
28-05-2021;22:27:14 INFO utn.isi.dan.material.aspect.LogAspect class utn.isi.dan.material.service.implement.MaterialServiceImpl	<Before> Metodo: buscarMaterialRangoStock	CantArgs: [150, 250]
28-05-2021;22:27:14 INFO utn.isi.dan.material.aspect.LogAspect class com.sun.proxy.$Proxy153	<Before> Metodo: findByStockActualBetween	CantArgs: [150, 250]
28-05-2021;22:27:14 INFO utn.isi.dan.material.aspect.LogAspect class com.sun.proxy.$Proxy153	<After> Metodo: findByStockActualBetween	CantArgs: [150, 250]
28-05-2021;22:27:14 INFO utn.isi.dan.material.aspect.LogAspect class utn.isi.dan.material.service.implement.MaterialServiceImpl	<After> Metodo: buscarMaterialRangoStock	CantArgs: [150, 250]
28-05-2021;22:27:53 INFO utn.isi.dan.material.aspect.LogAspect class utn.isi.dan.material.service.implement.MaterialServiceImpl	<Before> Metodo: buscarMaterialRangoPrecio	CantArgs: [5.0, 25.0]
28-05-2021;22:27:53 INFO utn.isi.dan.material.aspect.LogAspect class com.sun.proxy.$Proxy153	<Before> Metodo: findByPrecioBetween	CantArgs: [5.0, 25.0]
28-05-2021;22:27:53 INFO utn.isi.dan.material.aspect.LogAspect class com.sun.proxy.$Proxy153	<After> Metodo: findByPrecioBetween	CantArgs: [5.0, 25.0]
28-05-2021;22:27:53 INFO utn.isi.dan.material.aspect.LogAspect class utn.isi.dan.material.service.implement.MaterialServiceImpl	<After> Metodo: buscarMaterialRangoPrecio	CantArgs: [5.0, 25.0]
